e:\2017\cosc 4f00\connect4\connect4\debug\connect4.pch
e:\2017\cosc 4f00\connect4\connect4\debug\vc140.pdb
e:\2017\cosc 4f00\connect4\connect4\debug\vc140.idb
e:\2017\cosc 4f00\connect4\connect4\debug\stdafx.obj
e:\2017\cosc 4f00\connect4\connect4\debug\board.obj
e:\2017\cosc 4f00\connect4\connect4\debug\main.obj
c:\users\tram\desktop\connect4\connect4\debug\connect4.pch
c:\users\tram\desktop\connect4\connect4\debug\vc140.pdb
c:\users\tram\desktop\connect4\connect4\debug\vc140.idb
c:\users\tram\desktop\connect4\connect4\debug\stdafx.obj
c:\users\tram\desktop\connect4\connect4\debug\board.obj
c:\users\tram\desktop\connect4\connect4\debug\main.obj
c:\users\tram\desktop\connect4\debug\connect4.ilk
c:\users\tram\desktop\connect4\debug\connect4.exe
c:\users\tram\desktop\connect4\debug\connect4.pdb
c:\users\tram\desktop\connect4\connect4\debug\connect4.tlog\cl.command.1.tlog
c:\users\tram\desktop\connect4\connect4\debug\connect4.tlog\cl.read.1.tlog
c:\users\tram\desktop\connect4\connect4\debug\connect4.tlog\cl.write.1.tlog
c:\users\tram\desktop\connect4\connect4\debug\connect4.tlog\link.command.1.tlog
c:\users\tram\desktop\connect4\connect4\debug\connect4.tlog\link.read.1.tlog
c:\users\tram\desktop\connect4\connect4\debug\connect4.tlog\link.write.1.tlog
